<?xml version="1.0" encoding="UTF-8"?>
<!-- Generated by org.testng.reporters.JUnitXMLReporter -->
<testsuite ignored="0" hostname="Digvijay" failures="1" tests="1" name="Test" time="0.939" errors="0" timestamp="2025-03-06T18:46:34 IST">
  <testcase classname="com.creatio.crm.api.tests.PerformanceTest" name="runJmeterTest" time="0.912">
    <failure type="java.lang.IllegalArgumentException" message="Problem loading XML from:&amp;apos;C:\AutomationTraining\CreatioCRMTesNG\src\test\resources\jmeter\PerformanceTest.jmx&amp;apos;. 
Cause:
CannotResolveClassException: org.apache.jmeter.protocol.http.sampler.HTTPSamplerProxy

 Detail:com.thoughtworks.xstream.converters.ConversionException: 
---- Debugging information ----
cause-exception     : com.thoughtworks.xstream.converters.ConversionException
cause-message       : 
first-jmeter-class  : org.apache.jmeter.save.converters.HashTreeConverter.unmarshal(HashTreeConverter.java:66)
class               : org.apache.jmeter.save.ScriptWrapper
required-type       : org.apache.jmeter.save.ScriptWrapper
converter-type      : org.apache.jmeter.save.ScriptWrapperConverter
path                : /jmeterTestPlan/hashTree/hashTree/hashTree/HTTPSamplerProxy
line number         : 24
version             : 5.6.3
-------------------------------">
      <![CDATA[java.lang.IllegalArgumentException: Problem loading XML from:'C:\AutomationTraining\CreatioCRMTesNG\src\test\resources\jmeter\PerformanceTest.jmx'. 
Cause:
CannotResolveClassException: org.apache.jmeter.protocol.http.sampler.HTTPSamplerProxy

 Detail:com.thoughtworks.xstream.converters.ConversionException: 
---- Debugging information ----
cause-exception     : com.thoughtworks.xstream.converters.ConversionException
cause-message       : 
first-jmeter-class  : org.apache.jmeter.save.converters.HashTreeConverter.unmarshal(HashTreeConverter.java:66)
class               : org.apache.jmeter.save.ScriptWrapper
required-type       : org.apache.jmeter.save.ScriptWrapper
converter-type      : org.apache.jmeter.save.ScriptWrapperConverter
path                : /jmeterTestPlan/hashTree/hashTree/hashTree/HTTPSamplerProxy
line number         : 24
version             : 5.6.3
-------------------------------
at org.apache.jmeter.save.SaveService.readTree(SaveService.java:456)
at org.apache.jmeter.save.SaveService.loadTree(SaveService.java:429)
at com.creatio.crm.framework.api.commons.JmeterCommons.runJmeterScript(JmeterCommons.java:40)
at com.creatio.crm.api.tests.PerformanceTest.runJmeterTest(PerformanceTest.java:15)
at java.base/java.util.ArrayList.forEach(ArrayList.java:1597)
Caused by: com.thoughtworks.xstream.converters.ConversionException: 
---- Debugging information ----
cause-exception     : com.thoughtworks.xstream.converters.ConversionException
cause-message       : 
first-jmeter-class  : org.apache.jmeter.save.converters.HashTreeConverter.unmarshal(HashTreeConverter.java:66)
class               : org.apache.jmeter.save.ScriptWrapper
required-type       : org.apache.jmeter.save.ScriptWrapper
converter-type      : org.apache.jmeter.save.ScriptWrapperConverter
path                : /jmeterTestPlan/hashTree/hashTree/hashTree/HTTPSamplerProxy
line number         : 24
version             : 5.6.3
-------------------------------
at org.apache.jmeter.save.ScriptWrapperConverter.createConversionException(ScriptWrapperConverter.java:101)
at org.apache.jmeter.save.ScriptWrapperConverter.unmarshal(ScriptWrapperConverter.java:95)
at com.thoughtworks.xstream.core.TreeUnmarshaller.convert(TreeUnmarshaller.java:74)
at com.thoughtworks.xstream.core.AbstractReferenceUnmarshaller.convert(AbstractReferenceUnmarshaller.java:72)
at com.thoughtworks.xstream.core.TreeUnmarshaller.convertAnother(TreeUnmarshaller.java:68)
at com.thoughtworks.xstream.core.TreeUnmarshaller.convertAnother(TreeUnmarshaller.java:52)
at com.thoughtworks.xstream.core.TreeUnmarshaller.start(TreeUnmarshaller.java:136)
at com.thoughtworks.xstream.core.AbstractTreeMarshallingStrategy.unmarshal(AbstractTreeMarshallingStrategy.java:32)
at com.thoughtworks.xstream.XStream.unmarshal(XStream.java:1464)
at com.thoughtworks.xstream.XStream.unmarshal(XStream.java:1441)
at com.thoughtworks.xstream.XStream.fromXML(XStream.java:1321)
at org.apache.jmeter.save.SaveService.readTree(SaveService.java:446)
... 29 more
Caused by: com.thoughtworks.xstream.converters.ConversionException: 
---- Debugging information ----
cause-exception     : com.thoughtworks.xstream.mapper.CannotResolveClassException
cause-message       : org.apache.jmeter.protocol.http.sampler.HTTPSamplerProxy
class               : org.apache.jorphan.collections.ListedHashTree
required-type       : org.apache.jorphan.collections.ListedHashTree
converter-type      : org.apache.jmeter.save.converters.HashTreeConverter
path                : /jmeterTestPlan/hashTree/hashTree/hashTree/HTTPSamplerProxy
line number         : 24
-------------------------------
at com.thoughtworks.xstream.core.TreeUnmarshaller.convert(TreeUnmarshaller.java:81)
at com.thoughtworks.xstream.core.AbstractReferenceUnmarshaller.convert(AbstractReferenceUnmarshaller.java:72)
at com.thoughtworks.xstream.core.TreeUnmarshaller.convertAnother(TreeUnmarshaller.java:68)
at com.thoughtworks.xstream.core.TreeUnmarshaller.convertAnother(TreeUnmarshaller.java:52)
at com.thoughtworks.xstream.converters.collections.AbstractCollectionConverter.readBareItem(AbstractCollectionConverter.java:132)
at org.apache.jmeter.save.converters.HashTreeConverter.unmarshal(HashTreeConverter.java:66)
at com.thoughtworks.xstream.core.TreeUnmarshaller.convert(TreeUnmarshaller.java:74)
at com.thoughtworks.xstream.core.AbstractReferenceUnmarshaller.convert(AbstractReferenceUnmarshaller.java:72)
at com.thoughtworks.xstream.core.TreeUnmarshaller.convertAnother(TreeUnmarshaller.java:68)
at com.thoughtworks.xstream.core.TreeUnmarshaller.convertAnother(TreeUnmarshaller.java:52)
at com.thoughtworks.xstream.converters.collections.AbstractCollectionConverter.readBareItem(AbstractCollectionConverter.java:132)
at org.apache.jmeter.save.converters.HashTreeConverter.unmarshal(HashTreeConverter.java:66)
at com.thoughtworks.xstream.core.TreeUnmarshaller.convert(TreeUnmarshaller.java:74)
at com.thoughtworks.xstream.core.AbstractReferenceUnmarshaller.convert(AbstractReferenceUnmarshaller.java:72)
at com.thoughtworks.xstream.core.TreeUnmarshaller.convertAnother(TreeUnmarshaller.java:68)
at com.thoughtworks.xstream.core.TreeUnmarshaller.convertAnother(TreeUnmarshaller.java:52)
at org.apache.jmeter.save.ScriptWrapperConverter.unmarshal(ScriptWrapperConverter.java:93)
... 39 more
Caused by: com.thoughtworks.xstream.mapper.CannotResolveClassException: org.apache.jmeter.protocol.http.sampler.HTTPSamplerProxy
at com.thoughtworks.xstream.mapper.DefaultMapper.realClass(DefaultMapper.java:81)
at com.thoughtworks.xstream.mapper.MapperWrapper.realClass(MapperWrapper.java:125)
at com.thoughtworks.xstream.mapper.DynamicProxyMapper.realClass(DynamicProxyMapper.java:55)
at com.thoughtworks.xstream.mapper.MapperWrapper.realClass(MapperWrapper.java:125)
at com.thoughtworks.xstream.mapper.PackageAliasingMapper.realClass(PackageAliasingMapper.java:88)
at com.thoughtworks.xstream.mapper.MapperWrapper.realClass(MapperWrapper.java:125)
at com.thoughtworks.xstream.mapper.ClassAliasingMapper.realClass(ClassAliasingMapper.java:79)
at com.thoughtworks.xstream.mapper.MapperWrapper.realClass(MapperWrapper.java:125)
at com.thoughtworks.xstream.mapper.ArrayMapper.realClass(ArrayMapper.java:74)
at com.thoughtworks.xstream.mapper.MapperWrapper.realClass(MapperWrapper.java:125)
at com.thoughtworks.xstream.mapper.SecurityMapper.realClass(SecurityMapper.java:71)
at com.thoughtworks.xstream.mapper.MapperWrapper.realClass(MapperWrapper.java:125)
at org.apache.jmeter.save.SaveService$XStreamWrapper$1.realClass(SaveService.java:97)
at com.thoughtworks.xstream.mapper.MapperWrapper.realClass(MapperWrapper.java:125)
at com.thoughtworks.xstream.mapper.CachingMapper.realClass(CachingMapper.java:47)
at com.thoughtworks.xstream.core.util.HierarchicalStreams.readClassType(HierarchicalStreams.java:29)
at com.thoughtworks.xstream.converters.collections.AbstractCollectionConverter.readBareItem(AbstractCollectionConverter.java:131)
at org.apache.jmeter.save.converters.HashTreeConverter.unmarshal(HashTreeConverter.java:66)
at com.thoughtworks.xstream.core.TreeUnmarshaller.convert(TreeUnmarshaller.java:74)
... 55 more
... Removed 25 stack frames]]>
    </failure>
  </testcase> <!-- runJmeterTest -->
</testsuite> <!-- Test -->
