<?xml version="1.0" encoding="UTF-8"?>
<!-- Generated by org.testng.reporters.JUnitXMLReporter -->
<testsuite ignored="0" hostname="Digvijay" failures="1" tests="1" name="Test" time="11.498" errors="0" timestamp="2025-03-08T18:26:45 IST">
  <testcase classname="com.creatio.crm.api.tests.PerformanceTest" name="runJmeterTest" time="11.474">
    <failure type="java.lang.IllegalArgumentException" message="Results file:src\test\resources\jmeter\results\TestResults.csv is not empty">
      <![CDATA[java.lang.IllegalArgumentException: Results file:src\test\resources\jmeter\results\TestResults.csv is not empty
at org.apache.jmeter.report.dashboard.ReportGenerator.<init>(ReportGenerator.java:140)
at com.creatio.crm.framework.api.commons.JmeterCommons.runJmeterScript(JmeterCommons.java:53)
at com.creatio.crm.api.tests.PerformanceTest.runJmeterTest(PerformanceTest.java:15)
at java.base/java.util.ArrayList.forEach(ArrayList.java:1597)
... Removed 25 stack frames]]>
    </failure>
  </testcase> <!-- runJmeterTest -->
</testsuite> <!-- Test -->
